c:\users\lduli\onedrive\documents\visual studio 2022\mindsweepercode1\mindsweepercode1\x64\debug\vc143.pdb
c:\users\lduli\onedrive\documents\visual studio 2022\mindsweepercode1\mindsweepercode1\x64\debug\vc143.idb
c:\users\lduli\onedrive\documents\visual studio 2022\mindsweepercode1\mindsweepercode1\x64\debug\timer.obj
c:\users\lduli\onedrive\documents\visual studio 2022\mindsweepercode1\mindsweepercode1\x64\debug\tile.obj
c:\users\lduli\onedrive\documents\visual studio 2022\mindsweepercode1\mindsweepercode1\x64\debug\texturemanager.obj
c:\users\lduli\onedrive\documents\visual studio 2022\mindsweepercode1\mindsweepercode1\x64\debug\random.obj
c:\users\lduli\onedrive\documents\visual studio 2022\mindsweepercode1\mindsweepercode1\x64\debug\number.obj
c:\users\lduli\onedrive\documents\visual studio 2022\mindsweepercode1\mindsweepercode1\x64\debug\mine.obj
c:\users\lduli\onedrive\documents\visual studio 2022\mindsweepercode1\mindsweepercode1\x64\debug\main.obj
c:\users\lduli\onedrive\documents\visual studio 2022\mindsweepercode1\mindsweepercode1\x64\debug\flag.obj
c:\users\lduli\onedrive\documents\visual studio 2022\mindsweepercode1\mindsweepercode1\x64\debug\counter.obj
c:\users\lduli\onedrive\documents\visual studio 2022\mindsweepercode1\mindsweepercode1\x64\debug\button.obj
c:\users\lduli\onedrive\documents\visual studio 2022\mindsweepercode1\mindsweepercode1\x64\debug\board.obj
c:\users\lduli\onedrive\documents\visual studio 2022\mindsweepercode1\x64\debug\mindsweepercode1.exe
c:\users\lduli\onedrive\documents\visual studio 2022\mindsweepercode1\mindsweepercode1\x64\debug\mindsweepercode1.ilk
c:\users\lduli\onedrive\documents\visual studio 2022\mindsweepercode1\x64\debug\mindsweepercode1.pdb
c:\users\lduli\onedrive\documents\visual studio 2022\mindsweepercode1\mindsweepercode1\x64\debug\mindsweepercode1.tlog\cl.command.1.tlog
c:\users\lduli\onedrive\documents\visual studio 2022\mindsweepercode1\mindsweepercode1\x64\debug\mindsweepercode1.tlog\cl.read.1.tlog
c:\users\lduli\onedrive\documents\visual studio 2022\mindsweepercode1\mindsweepercode1\x64\debug\mindsweepercode1.tlog\cl.write.1.tlog
c:\users\lduli\onedrive\documents\visual studio 2022\mindsweepercode1\mindsweepercode1\x64\debug\mindsweepercode1.tlog\link.command.1.tlog
c:\users\lduli\onedrive\documents\visual studio 2022\mindsweepercode1\mindsweepercode1\x64\debug\mindsweepercode1.tlog\link.read.1.tlog
c:\users\lduli\onedrive\documents\visual studio 2022\mindsweepercode1\mindsweepercode1\x64\debug\mindsweepercode1.tlog\link.write.1.tlog
